<?xml version="1.0" encoding="UTF-8"?>
<testng-results skipped="0" failed="0" ignored="0" total="1" passed="1">
  <reporter-output>
  </reporter-output>
  <suite name="Command line suite" duration-ms="5" started-at="2017-10-28T16:11:33Z" finished-at="2017-10-28T16:11:33Z">
    <groups>
    </groups>
    <test name="Command line test" duration-ms="5" started-at="2017-10-28T16:11:33Z" finished-at="2017-10-28T16:11:33Z">
      <class name="com.test.frameworks.AutomationFrameworkProject.tests.AppTest">
        <test-method status="PASS" signature="testApp()[pri:0, instance:testApp(com.test.frameworks.AutomationFrameworkProject.tests.AppTest)]" name="testApp" duration-ms="0" started-at="2017-10-28T21:41:33Z" finished-at="2017-10-28T21:41:33Z">
          <reporter-output>
          </reporter-output>
        </test-method> <!-- testApp -->
      </class> <!-- com.test.frameworks.AutomationFrameworkProject.tests.AppTest -->
    </test> <!-- Command line test -->
  </suite> <!-- Command line suite -->
</testng-results>
