<?xml version="1.0" encoding="UTF-8" ?>
<testsuite tests="4" failures="1" name="TestSuite" time="1.183" errors="0" skipped="2">
  <properties>
[...]
</properties>
  <testcase classname="com.test.frameworks.AutomationFrameworkProject.tests.TestAdminLoginPage" name="setup" time="0.248">
    <failure message="The driver executable does not exist: C:\Users\Shashank Sharma\workspace\talentCentralAutomationProject\browserDrivers\chromedriver.exe" type="java.lang.IllegalStateException">java.lang.IllegalStateException: The driver executable does not exist: C:\Users\Shashank Sharma\workspace\talentCentralAutomationProject\browserDrivers\chromedriver.exe
	at com.google.common.base.Preconditions.checkState(Preconditions.java:534)
	at org.openqa.selenium.remote.service.DriverService.checkExecutable(DriverService.java:136)
	at org.openqa.selenium.remote.service.DriverService.findExecutable(DriverService.java:131)
	at org.openqa.selenium.chrome.ChromeDriverService.access$000(ChromeDriverService.java:32)
	at org.openqa.selenium.chrome.ChromeDriverService$Builder.findDefaultExecutable(ChromeDriverService.java:137)
	at org.openqa.selenium.remote.service.DriverService$Builder.build(DriverService.java:329)
	at org.openqa.selenium.chrome.ChromeDriverService.createDefaultService(ChromeDriverService.java:88)
	at org.openqa.selenium.chrome.ChromeDriver.&lt;init&gt;(ChromeDriver.java:123)
	at com.test.frameworks.AutomationFrameworkProject.tests.TestAdminLoginPage.setup(TestAdminLoginPage.java:21)
</failure>
    <system-out>Configuring TestNG with: org.apache.maven.surefire.testng.conf.TestNG652Configurator@156643d4
</system-out>
  </testcase>
  <testcase classname="com.test.frameworks.AutomationFrameworkProject.tests.TestAdminLoginPage" name="testAdminLogin" time="0.255">
    <skipped/>
  </testcase>
  <testcase classname="com.test.frameworks.AutomationFrameworkProject.tests.TestAdminLoginPage" name="shutDown" time="0.256">
    <skipped/>
  </testcase>
  <testcase classname="com.test.frameworks.AutomationFrameworkProject.tests.AppTest" name="testApp on testApp(com.test.frameworks.AutomationFrameworkProject.tests.AppTest)" time="0.424"/>
</testsuite>