<?xml version="1.0" encoding="UTF-8"?>
<testng-results skipped="0" failed="0" ignored="0" total="1" passed="1">
  <reporter-output>
  </reporter-output>
  <suite name="Default suite" duration-ms="39712" started-at="2017-10-28T17:33:43Z" finished-at="2017-10-28T17:34:23Z">
    <groups>
    </groups>
    <test name="Default test" duration-ms="39712" started-at="2017-10-28T17:33:43Z" finished-at="2017-10-28T17:34:23Z">
      <class name="com.test.frameworks.AutomationFrameworkProject.tests.TestAdminLoginPage">
        <test-method status="PASS" signature="setup()[pri:0, instance:com.test.frameworks.AutomationFrameworkProject.tests.TestAdminLoginPage@7823a2f9]" name="setup" is-config="true" duration-ms="3274" started-at="2017-10-28T23:03:43Z" finished-at="2017-10-28T23:03:47Z">
          <reporter-output>
          </reporter-output>
        </test-method> <!-- setup -->
        <test-method status="PASS" signature="testAdminLogin()[pri:0, instance:com.test.frameworks.AutomationFrameworkProject.tests.TestAdminLoginPage@7823a2f9]" name="testAdminLogin" duration-ms="35655" started-at="2017-10-28T23:03:47Z" finished-at="2017-10-28T23:04:22Z">
          <reporter-output>
          </reporter-output>
        </test-method> <!-- testAdminLogin -->
        <test-method status="PASS" signature="shutDown()[pri:0, instance:com.test.frameworks.AutomationFrameworkProject.tests.TestAdminLoginPage@7823a2f9]" name="shutDown" is-config="true" duration-ms="766" started-at="2017-10-28T23:04:22Z" finished-at="2017-10-28T23:04:23Z">
          <reporter-output>
          </reporter-output>
        </test-method> <!-- shutDown -->
      </class> <!-- com.test.frameworks.AutomationFrameworkProject.tests.TestAdminLoginPage -->
    </test> <!-- Default test -->
  </suite> <!-- Default suite -->
</testng-results>
